# JRE version: Java(TM) SE Runtime Environment (8.0_102-b14) (build 1.8.0_102-b14)
# Java VM: Java HotSpot(TM) 64-Bit Server VM (25.102-b14 mixed mode windows-amd64 compressed oops)
Heap:
 PSYoungGen      total 32768K, used 32384K [0x00000000eb400000, 0x00000000ed680000, 0x0000000100000000)
  eden space 32256K, 100% used [0x00000000eb400000,0x00000000ed380000,0x00000000ed380000)
  from space 512K, 25% used [0x00000000ed600000,0x00000000ed620000,0x00000000ed680000)
  to   space 1536K, 6% used [0x00000000ed380000,0x00000000ed398000,0x00000000ed500000)
 ParOldGen       total 51712K, used 19542K [0x00000000c1c00000, 0x00000000c4e80000, 0x00000000eb400000)
  object space 51712K, 37% used [0x00000000c1c00000,0x00000000c2f15868,0x00000000c4e80000)
 Metaspace       used 46541K, capacity 50774K, committed 51200K, reserved 1093632K
  class space    used 6235K, capacity 7272K, committed 7424K, reserved 1048576K
GC Heap History (10 events):
Event: 17778.062 GC heap after
Heap after GC invocations=130 (full 30):
 PSYoungGen      total 35840K, used 128K [0x00000000eb400000, 0x00000000ed980000, 0x0000000100000000)
  eden space 34304K, 0% used [0x00000000eb400000,0x00000000eb400000,0x00000000ed580000)
  from space 1536K, 8% used [0x00000000ed800000,0x00000000ed820000,0x00000000ed980000)
  to   space 2048K, 0% used [0x00000000ed580000,0x00000000ed580000,0x00000000ed780000)
 ParOldGen       total 51712K, used 19534K [0x00000000c1c00000, 0x00000000c4e80000, 0x00000000eb400000)
  object space 51712K, 37% used [0x00000000c1c00000,0x00000000c2f13868,0x00000000c4e80000)
 Metaspace       used 46541K, capacity 50774K, committed 51200K, reserved 1093632K
  class space    used 6235K, capacity 7272K, committed 7424K, reserved 1048576K
}
Event: 17870.210 GC heap before
{Heap before GC invocations=131 (full 30):
 PSYoungGen      total 35840K, used 34432K [0x00000000eb400000, 0x00000000ed980000, 0x0000000100000000)
  eden space 34304K, 100% used [0x00000000eb400000,0x00000000ed580000,0x00000000ed580000)
  from space 1536K, 8% used [0x00000000ed800000,0x00000000ed820000,0x00000000ed980000)
  to   space 2048K, 0% used [0x00000000ed580000,0x00000000ed580000,0x00000000ed780000)
 ParOldGen       total 51712K, used 19534K [0x00000000c1c00000, 0x00000000c4e80000, 0x00000000eb400000)
  object space 51712K, 37% used [0x00000000c1c00000,0x00000000c2f13868,0x00000000c4e80000)
 Metaspace       used 46541K, capacity 50774K, committed 51200K, reserved 1093632K
  class space    used 6235K, capacity 7272K, committed 7424K, reserved 1048576K
Event: 17870.217 GC heap after
Heap after GC invocations=131 (full 30):
 PSYoungGen      total 34304K, used 128K [0x00000000eb400000, 0x00000000ed900000, 0x0000000100000000)
  eden space 33792K, 0% used [0x00000000eb400000,0x00000000eb400000,0x00000000ed500000)
  from space 512K, 25% used [0x00000000ed580000,0x00000000ed5a0000,0x00000000ed600000)
  to   space 2048K, 0% used [0x00000000ed700000,0x00000000ed700000,0x00000000ed900000)
 ParOldGen       total 51712K, used 19534K [0x00000000c1c00000, 0x00000000c4e80000, 0x00000000eb400000)
  object space 51712K, 37% used [0x00000000c1c00000,0x00000000c2f13868,0x00000000c4e80000)
 Metaspace       used 46541K, capacity 50774K, committed 51200K, reserved 1093632K
  class space    used 6235K, capacity 7272K, committed 7424K, reserved 1048576K
}
Event: 17960.844 GC heap before
{Heap before GC invocations=132 (full 30):
 PSYoungGen      total 34304K, used 33920K [0x00000000eb400000, 0x00000000ed900000, 0x0000000100000000)
  eden space 33792K, 100% used [0x00000000eb400000,0x00000000ed500000,0x00000000ed500000)
  from space 512K, 25% used [0x00000000ed580000,0x00000000ed5a0000,0x00000000ed600000)
  to   space 2048K, 0% used [0x00000000ed700000,0x00000000ed700000,0x00000000ed900000)
 ParOldGen       total 51712K, used 19534K [0x00000000c1c00000, 0x00000000c4e80000, 0x00000000eb400000)
  object space 51712K, 37% used [0x00000000c1c00000,0x00000000c2f13868,0x00000000c4e80000)
 Metaspace       used 46541K, capacity 50774K, committed 51200K, reserved 1093632K
  class space    used 6235K, capacity 7272K, committed 7424K, reserved 1048576K
Event: 17960.848 GC heap after
Heap after GC invocations=132 (full 30):
 PSYoungGen      total 34816K, used 128K [0x00000000eb400000, 0x00000000ed880000, 0x0000000100000000)
  eden space 33280K, 0% used [0x00000000eb400000,0x00000000eb400000,0x00000000ed480000)
  from space 1536K, 8% used [0x00000000ed700000,0x00000000ed720000,0x00000000ed880000)
  to   space 2048K, 0% used [0x00000000ed480000,0x00000000ed480000,0x00000000ed680000)
 ParOldGen       total 51712K, used 19534K [0x00000000c1c00000, 0x00000000c4e80000, 0x00000000eb400000)
  object space 51712K, 37% used [0x00000000c1c00000,0x00000000c2f13868,0x00000000c4e80000)
 Metaspace       used 46541K, capacity 50774K, committed 51200K, reserved 1093632K
  class space    used 6235K, capacity 7272K, committed 7424K, reserved 1048576K
}
Event: 18049.930 GC heap before
{Heap before GC invocations=133 (full 30):
 PSYoungGen      total 34816K, used 33408K [0x00000000eb400000, 0x00000000ed880000, 0x0000000100000000)
  eden space 33280K, 100% used [0x00000000eb400000,0x00000000ed480000,0x00000000ed480000)
  from space 1536K, 8% used [0x00000000ed700000,0x00000000ed720000,0x00000000ed880000)
  to   space 2048K, 0% used [0x00000000ed480000,0x00000000ed480000,0x00000000ed680000)
 ParOldGen       total 51712K, used 19534K [0x00000000c1c00000, 0x00000000c4e80000, 0x00000000eb400000)
  object space 51712K, 37% used [0x00000000c1c00000,0x00000000c2f13868,0x00000000c4e80000)
 Metaspace       used 46541K, capacity 50774K, committed 51200K, reserved 1093632K
  class space    used 6235K, capacity 7272K, committed 7424K, reserved 1048576K
Event: 18049.939 GC heap after
Heap after GC invocations=133 (full 30):
 PSYoungGen      total 33280K, used 64K [0x00000000eb400000, 0x00000000ed780000, 0x0000000100000000)
  eden space 32768K, 0% used [0x00000000eb400000,0x00000000eb400000,0x00000000ed400000)
  from space 512K, 12% used [0x00000000ed480000,0x00000000ed490000,0x00000000ed500000)
  to   space 1536K, 0% used [0x00000000ed600000,0x00000000ed600000,0x00000000ed780000)
 ParOldGen       total 51712K, used 19534K [0x00000000c1c00000, 0x00000000c4e80000, 0x00000000eb400000)
  object space 51712K, 37% used [0x00000000c1c00000,0x00000000c2f13868,0x00000000c4e80000)
 Metaspace       used 46541K, capacity 50774K, committed 51200K, reserved 1093632K
  class space    used 6235K, capacity 7272K, committed 7424K, reserved 1048576K
}
Event: 18137.989 GC heap before
{Heap before GC invocations=134 (full 30):
 PSYoungGen      total 33280K, used 32832K [0x00000000eb400000, 0x00000000ed780000, 0x0000000100000000)
  eden space 32768K, 100% used [0x00000000eb400000,0x00000000ed400000,0x00000000ed400000)
  from space 512K, 12% used [0x00000000ed480000,0x00000000ed490000,0x00000000ed500000)
  to   space 1536K, 0% used [0x00000000ed600000,0x00000000ed600000,0x00000000ed780000)
 ParOldGen       total 51712K, used 19534K [0x00000000c1c00000, 0x00000000c4e80000, 0x00000000eb400000)
  object space 51712K, 37% used [0x00000000c1c00000,0x00000000c2f13868,0x00000000c4e80000)
 Metaspace       used 46541K, capacity 50774K, committed 51200K, reserved 1093632K
  class space    used 6235K, capacity 7272K, committed 7424K, reserved 1048576K
Event: 18137.995 GC heap after
Heap after GC invocations=134 (full 30):
 PSYoungGen      total 32768K, used 128K [0x00000000eb400000, 0x00000000ed680000, 0x0000000100000000)
  eden space 32256K, 0% used [0x00000000eb400000,0x00000000eb400000,0x00000000ed380000)
  from space 512K, 25% used [0x00000000ed600000,0x00000000ed620000,0x00000000ed680000)
  to   space 1536K, 0% used [0x00000000ed380000,0x00000000ed380000,0x00000000ed500000)
 ParOldGen       total 51712K, used 19534K [0x00000000c1c00000, 0x00000000c4e80000, 0x00000000eb400000)
  object space 51712K, 37% used [0x00000000c1c00000,0x00000000c2f13868,0x00000000c4e80000)
 Metaspace       used 46541K, capacity 50774K, committed 51200K, reserved 1093632K
  class space    used 6235K, capacity 7272K, committed 7424K, reserved 1048576K
}
Event: 18224.779 GC heap before
{Heap before GC invocations=135 (full 30):
 PSYoungGen      total 32768K, used 32384K [0x00000000eb400000, 0x00000000ed680000, 0x0000000100000000)
  eden space 32256K, 100% used [0x00000000eb400000,0x00000000ed380000,0x00000000ed380000)
  from space 512K, 25% used [0x00000000ed600000,0x00000000ed620000,0x00000000ed680000)
  to   space 1536K, 0% used [0x00000000ed380000,0x00000000ed380000,0x00000000ed500000)
 ParOldGen       total 51712K, used 19534K [0x00000000c1c00000, 0x00000000c4e80000, 0x00000000eb400000)
  object space 51712K, 37% used [0x00000000c1c00000,0x00000000c2f13868,0x00000000c4e80000)
 Metaspace       used 46541K, capacity 50774K, committed 51200K, reserved 1093632K
  class space    used 6235K, capacity 7272K, committed 7424K, reserved 1048576K

